<?xml version="1.0" encoding="UTF-8"?>
<!-- Generated by org.testng.reporters.JUnitReportReporter -->
<testsuite hostname="win2019" failures="0" tests="1" name="com.mouse.Mouse1" time="11.227" errors="0" timestamp="2024-08-23T03:29:11 PDT" skipped="0">
  <testcase classname="com.mouse.Mouse1" name="M1" time="11.227"/>
  <system-out/>
</testsuite> <!-- com.mouse.Mouse1 -->
